----------

Fri Apr 16 2021 23:03:06 GMT+0200 (Ora legale dell’Europa centrale)

warning: LF will be replaced by CRLF in assets/bootstrap/css/bootstrap.min.css.
The file will have its original line endings in your working directory


----------

Fri Apr 16 2021 23:03:06 GMT+0200 (Ora legale dell’Europa centrale)

warning: LF will be replaced by CRLF in assets/bootstrap/js/bootstrap.min.js.
The file will have its original line endings in your working directory


----------

Fri Apr 16 2021 23:03:06 GMT+0200 (Ora legale dell’Europa centrale)

warning: LF will be replaced by CRLF in assets/css/smoothproducts.css.
The file will have its original line endings in your working directory


----------

Fri Apr 16 2021 23:03:06 GMT+0200 (Ora legale dell’Europa centrale)

warning: LF will be replaced by CRLF in assets/css/untitled.css.
The file will have its original line endings in your working directory


----------

Fri Apr 16 2021 23:03:06 GMT+0200 (Ora legale dell’Europa centrale)

warning: LF will be replaced by CRLF in assets/fonts/Simple-Line-Icons.svg.
The file will have its original line endings in your working directory


----------

Fri Apr 16 2021 23:03:06 GMT+0200 (Ora legale dell’Europa centrale)

warning: LF will be replaced by CRLF in assets/js/bs-init.js.
The file will have its original line endings in your working directory


----------

Fri Apr 16 2021 23:03:06 GMT+0200 (Ora legale dell’Europa centrale)

warning: LF will be replaced by CRLF in assets/js/jquery.min.js.
The file will have its original line endings in your working directory


----------

Fri Apr 16 2021 23:03:06 GMT+0200 (Ora legale dell’Europa centrale)

warning: LF will be replaced by CRLF in assets/js/smart-forms.min.js.
The file will have its original line endings in your working directory


----------

Fri Apr 16 2021 23:03:06 GMT+0200 (Ora legale dell’Europa centrale)

warning: LF will be replaced by CRLF in assets/js/theme.js.
The file will have its original line endings in your working directory


----------

Fri Apr 16 2021 23:03:06 GMT+0200 (Ora legale dell’Europa centrale)

warning: LF will be replaced by CRLF in contact-me.html.
The file will have its original line endings in your working directory


----------

Fri Apr 16 2021 23:03:06 GMT+0200 (Ora legale dell’Europa centrale)

warning: LF will be replaced by CRLF in features.html.
The file will have its original line endings in your working directory


----------

Fri Apr 16 2021 23:03:06 GMT+0200 (Ora legale dell’Europa centrale)

warning: LF will be replaced by CRLF in index.html.
The file will have its original line endings in your working directory


----------

Fri Apr 16 2021 23:03:06 GMT+0200 (Ora legale dell’Europa centrale)

warning: LF will be replaced by CRLF in interests.html.
The file will have its original line endings in your working directory


----------

Fri Apr 16 2021 23:03:47 GMT+0200 (Ora legale dell’Europa centrale)

To https://github.com/T3X3K/T3X3K.github.io.git
 * [new branch]      main -> main


----------

Fri Apr 16 2021 23:19:59 GMT+0200 (Ora legale dell’Europa centrale)

warning: LF will be replaced by CRLF in assets/bootstrap/css/bootstrap.min.css.
The file will have its original line endings in your working directory


----------

Fri Apr 16 2021 23:19:59 GMT+0200 (Ora legale dell’Europa centrale)

warning: LF will be replaced by CRLF in assets/bootstrap/js/bootstrap.min.js.
The file will have its original line endings in your working directory


----------

Fri Apr 16 2021 23:19:59 GMT+0200 (Ora legale dell’Europa centrale)

warning: LF will be replaced by CRLF in assets/css/smoothproducts.css.
The file will have its original line endings in your working directory
warning: LF will be replaced by CRLF in assets/css/untitled.css.
The file will have its original line endings in your working directory


----------

Fri Apr 16 2021 23:19:59 GMT+0200 (Ora legale dell’Europa centrale)

warning: LF will be replaced by CRLF in assets/fonts/Simple-Line-Icons.svg.
The file will have its original line endings in your working directory


----------

Fri Apr 16 2021 23:19:59 GMT+0200 (Ora legale dell’Europa centrale)

warning: LF will be replaced by CRLF in assets/js/bs-init.js.
The file will have its original line endings in your working directory


----------

Fri Apr 16 2021 23:19:59 GMT+0200 (Ora legale dell’Europa centrale)

warning: LF will be replaced by CRLF in assets/js/jquery.min.js.
The file will have its original line endings in your working directory


----------

Fri Apr 16 2021 23:19:59 GMT+0200 (Ora legale dell’Europa centrale)

warning: LF will be replaced by CRLF in assets/js/smart-forms.min.js.
The file will have its original line endings in your working directory
warning: LF will be replaced by CRLF in assets/js/theme.js.
The file will have its original line endings in your working directory
warning: LF will be replaced by CRLF in contact-me.html.
The file will have its original line endings in your working directory


----------

Fri Apr 16 2021 23:19:59 GMT+0200 (Ora legale dell’Europa centrale)

warning: LF will be replaced by CRLF in features.html.
The file will have its original line endings in your working directory


----------

Fri Apr 16 2021 23:19:59 GMT+0200 (Ora legale dell’Europa centrale)

warning: LF will be replaced by CRLF in index.html.
The file will have its original line endings in your working directory
warning: LF will be replaced by CRLF in interests.html.
The file will have its original line endings in your working directory


----------

Fri Apr 16 2021 23:20:02 GMT+0200 (Ora legale dell’Europa centrale)

To https://github.com/T3X3K/T3X3K.github.io.git
   1184982..3c41c5d  main -> main


